<?xml version="1.0" encoding="UTF-8"?>
<testsuite name="cleanTest.DeleteNoteWhenDoTest" tests="1" skipped="0" failures="0" errors="0" timestamp="2022-10-16T16:02:21" hostname="MacBook-Pro-de-Janeth.local" time="17.899">
  <properties/>
  <testcase name="deleteNote()" classname="cleanTest.DeleteNoteWhenDoTest" time="17.899"/>
  <system-out><![CDATA[]]></system-out>
  <system-err><![CDATA[oct. 16, 2022 12:02:27 P. M. io.appium.java_client.remote.AppiumCommandExecutor$1 lambda$0
INFO: Detected dialect: W3C
]]></system-err>
</testsuite>
